{
  "stats": {
    "suites": 1,
    "tests": 4,
    "passes": 4,
    "pending": 0,
    "failures": 0,
    "start": "2026-04-29T16:29:48.725Z",
    "end": "2026-04-29T16:30:06.532Z",
    "duration": 17807,
    "testsRegistered": 4,
    "passPercent": 100,
    "pendingPercent": 0,
    "other": 0,
    "hasOther": false,
    "skipped": 0,
    "hasSkipped": false
  },
  "results": [
    {
      "uuid": "d894017a-90aa-469f-a294-b3547598cfa8",
      "title": "",
      "fullFile": "D:\\10. BOOTCAMP\\Digital Skola-QA\\10. WebUI Automation Advanced Part 1\\tests\\specs\\login.test.js",
      "file": "\\tests\\specs\\login.test.js",
      "beforeHooks": [],
      "afterHooks": [],
      "tests": [],
      "suites": [
        {
          "uuid": "9cc3f65c-b4be-4382-9076-6e88502018e7",
          "title": "Login SauceDemo - Sesi 11 Advanced Part 2",
          "fullFile": "D:\\10. BOOTCAMP\\Digital Skola-QA\\10. WebUI Automation Advanced Part 1\\tests\\specs\\login.test.js",
          "file": "\\tests\\specs\\login.test.js",
          "beforeHooks": [
            {
              "title": "\"before each\" hook in \"Login SauceDemo - Sesi 11 Advanced Part 2\"",
              "fullTitle": "Login SauceDemo - Sesi 11 Advanced Part 2 \"before each\" hook in \"Login SauceDemo - Sesi 11 Advanced Part 2\"",
              "timedOut": false,
              "duration": 2903,
              "state": null,
              "speed": null,
              "pass": false,
              "fail": false,
              "pending": false,
              "context": null,
              "code": "console.log('   [beforeEach] Memulai building driver...');\ndriver = await new Builder().forBrowser('chrome').build();\nconsole.log('   [beforeEach] Driver dibuat.');\nloginAction = new LoginAction(driver);\nsharingAction = new SharingAction(driver);\nawait loginAction.openLoginPage(expectedValues.baseUrl);\nconsole.log('   [beforeEach] Halaman dibuka.');",
              "err": {},
              "uuid": "7eba355a-64b3-42c6-8b28-67d0c250f123",
              "parentUUID": "9cc3f65c-b4be-4382-9076-6e88502018e7",
              "isHook": true,
              "skipped": false
            }
          ],
          "afterHooks": [
            {
              "title": "\"after each\" hook in \"Login SauceDemo - Sesi 11 Advanced Part 2\"",
              "fullTitle": "Login SauceDemo - Sesi 11 Advanced Part 2 \"after each\" hook in \"Login SauceDemo - Sesi 11 Advanced Part 2\"",
              "timedOut": false,
              "duration": 118,
              "state": null,
              "speed": null,
              "pass": false,
              "fail": false,
              "pending": false,
              "context": null,
              "code": "if (driver) {\n    await driver.quit();\n}",
              "err": {},
              "uuid": "0a82c1e0-aed3-45cc-a524-618e80ebc85f",
              "parentUUID": "9cc3f65c-b4be-4382-9076-6e88502018e7",
              "isHook": true,
              "skipped": false
            }
          ],
          "tests": [
            {
              "title": "Positive Case | Login sukses dengan kredensial valid",
              "fullTitle": "Login SauceDemo - Sesi 11 Advanced Part 2 Positive Case | Login sukses dengan kredensial valid",
              "timedOut": false,
              "duration": 2910,
              "state": "passed",
              "speed": "slow",
              "pass": true,
              "fail": false,
              "pending": false,
              "context": null,
              "code": "await loginAction.inputUsername(users.standardUser.username);\nawait loginAction.inputPassword(users.standardUser.password);\nawait loginAction.clickLogin();\n\n// Assertions\nawait loginAction.assertLoginSuccess();\n// Manual Screenshot (PDF Page 17)\nawait sharingAction.fullPageScreenshot('login_success_manual');\n// Visual Regression (PDF Page 26)\n// Tunggu sebentar agar halaman stabil sebelum komparasi\nawait driver.sleep(2000);\nawait compareScreenshot(driver, 'login_success_visual');",
              "err": {},
              "uuid": "6e1d8c13-3b99-4f71-8eae-ace73dcb725a",
              "parentUUID": "9cc3f65c-b4be-4382-9076-6e88502018e7",
              "isHook": false,
              "skipped": false
            },
            {
              "title": "Negative Case | Login menggunakan invalid username",
              "fullTitle": "Login SauceDemo - Sesi 11 Advanced Part 2 Negative Case | Login menggunakan invalid username",
              "timedOut": false,
              "duration": 700,
              "state": "passed",
              "speed": "slow",
              "pass": true,
              "fail": false,
              "pending": false,
              "context": null,
              "code": "await loginAction.inputUsername('invalid_user_digital_skola');\nawait loginAction.inputPassword(users.standardUser.password);\nawait loginAction.clickLogin();\n// Assertions\nawait loginAction.assertLoginFailed(expectedValues.errorInvalidCredentials);\n// Manual Screenshot\nawait sharingAction.fullPageScreenshot('login_failed_invalid_user');\n// Visual Regression\nawait compareScreenshot(driver, 'login_failed_invalid_user_visual');",
              "err": {},
              "uuid": "d0dc4084-b2dd-48ad-8aa7-13d4274cda36",
              "parentUUID": "9cc3f65c-b4be-4382-9076-6e88502018e7",
              "isHook": false,
              "skipped": false
            },
            {
              "title": "Negative Case | Login menggunakan wrong password",
              "fullTitle": "Login SauceDemo - Sesi 11 Advanced Part 2 Negative Case | Login menggunakan wrong password",
              "timedOut": false,
              "duration": 679,
              "state": "passed",
              "speed": "slow",
              "pass": true,
              "fail": false,
              "pending": false,
              "context": null,
              "code": "await loginAction.inputUsername(users.standardUser.username);\nawait loginAction.inputPassword('wrong_password_123');\nawait loginAction.clickLogin();\n// Assertions\nawait loginAction.assertLoginFailed(expectedValues.errorInvalidCredentials);\n// Manual Screenshot\nawait sharingAction.fullPageScreenshot('login_failed_wrong_password');\n// Visual Regression\nawait compareScreenshot(driver, 'login_failed_wrong_password_visual');",
              "err": {},
              "uuid": "70a4fb8e-7f92-4897-8452-7dd58fb3b16d",
              "parentUUID": "9cc3f65c-b4be-4382-9076-6e88502018e7",
              "isHook": false,
              "skipped": false
            },
            {
              "title": "Negative Case | Login menggunakan Locked_out_user",
              "fullTitle": "Login SauceDemo - Sesi 11 Advanced Part 2 Negative Case | Login menggunakan Locked_out_user",
              "timedOut": false,
              "duration": 849,
              "state": "passed",
              "speed": "slow",
              "pass": true,
              "fail": false,
              "pending": false,
              "context": null,
              "code": "await loginAction.inputUsername(users.lockedUser.username);\nawait loginAction.inputPassword(users.lockedUser.password);\nawait loginAction.clickLogin();\n// Assertions\nawait loginAction.assertLoginFailed(expectedValues.errorLockedUser);\n// Manual Screenshot\nawait sharingAction.fullPageScreenshot('login_failed_locked_user');\n// Visual Regression\nawait compareScreenshot(driver, 'login_failed_locked_user_visual');",
              "err": {},
              "uuid": "fa0d3937-57a2-4c2c-8336-2cd74fed5ea0",
              "parentUUID": "9cc3f65c-b4be-4382-9076-6e88502018e7",
              "isHook": false,
              "skipped": false
            }
          ],
          "suites": [],
          "passes": [
            "6e1d8c13-3b99-4f71-8eae-ace73dcb725a",
            "d0dc4084-b2dd-48ad-8aa7-13d4274cda36",
            "70a4fb8e-7f92-4897-8452-7dd58fb3b16d",
            "fa0d3937-57a2-4c2c-8336-2cd74fed5ea0"
          ],
          "failures": [],
          "pending": [],
          "skipped": [],
          "duration": 5138,
          "root": false,
          "rootEmpty": false,
          "_timeout": 60000
        }
      ],
      "passes": [],
      "failures": [],
      "pending": [],
      "skipped": [],
      "duration": 0,
      "root": true,
      "rootEmpty": true,
      "_timeout": 60000
    }
  ],
  "meta": {
    "mocha": {
      "version": "10.8.2"
    },
    "mochawesome": {
      "options": {
        "quiet": false,
        "reportFilename": "mochawesome",
        "saveHtml": true,
        "saveJson": true,
        "consoleReporter": "spec",
        "useInlineDiffs": false,
        "code": true
      },
      "version": "7.1.4"
    },
    "marge": {
      "options": null,
      "version": "6.3.2"
    }
  }
}