{
  "stats": {
    "suites": 1,
    "tests": 4,
    "passes": 4,
    "pending": 0,
    "failures": 0,
    "start": "2026-04-29T15:19:52.241Z",
    "end": "2026-04-29T15:20:40.624Z",
    "duration": 48383,
    "testsRegistered": 4,
    "passPercent": 100,
    "pendingPercent": 0,
    "other": 0,
    "hasOther": false,
    "skipped": 0,
    "hasSkipped": false
  },
  "results": [
    {
      "uuid": "f39f8f0a-3963-4eb4-af41-ce1b5cc1b7e5",
      "title": "",
      "fullFile": "D:\\10. BOOTCAMP\\Digital Skola-QA\\10. WebUI Automation Advanced Part 1\\specs\\login.spec.js",
      "file": "\\specs\\login.spec.js",
      "beforeHooks": [],
      "afterHooks": [],
      "tests": [],
      "suites": [
        {
          "uuid": "fa9a2df1-a80a-469f-89a6-287f5feba776",
          "title": "Login SauceDemo - Advanced Part 2",
          "fullFile": "D:\\10. BOOTCAMP\\Digital Skola-QA\\10. WebUI Automation Advanced Part 1\\specs\\login.spec.js",
          "file": "\\specs\\login.spec.js",
          "beforeHooks": [
            {
              "title": "\"before each\" hook in \"Login SauceDemo - Advanced Part 2\"",
              "fullTitle": "Login SauceDemo - Advanced Part 2 \"before each\" hook in \"Login SauceDemo - Advanced Part 2\"",
              "timedOut": false,
              "duration": 2814,
              "state": null,
              "speed": null,
              "pass": false,
              "fail": false,
              "pending": false,
              "context": null,
              "code": "driver = await new Builder().forBrowser('chrome').build();\nawait LoginAction.open(driver);",
              "err": {},
              "uuid": "e94021f1-e7d3-4613-af76-205d98790a43",
              "parentUUID": "fa9a2df1-a80a-469f-89a6-287f5feba776",
              "isHook": true,
              "skipped": false
            }
          ],
          "afterHooks": [
            {
              "title": "\"after each\" hook in \"Login SauceDemo - Advanced Part 2\"",
              "fullTitle": "Login SauceDemo - Advanced Part 2 \"after each\" hook in \"Login SauceDemo - Advanced Part 2\"",
              "timedOut": false,
              "duration": 82,
              "state": null,
              "speed": null,
              "pass": false,
              "fail": false,
              "pending": false,
              "context": null,
              "code": "if (driver) {\n    await driver.quit();\n}",
              "err": {},
              "uuid": "2284d331-6528-45d1-9169-763ef71792b5",
              "parentUUID": "fa9a2df1-a80a-469f-89a6-287f5feba776",
              "isHook": true,
              "skipped": false
            }
          ],
          "tests": [
            {
              "title": "Positive Case | Login sukses dengan kredensial valid",
              "fullTitle": "Login SauceDemo - Advanced Part 2 Positive Case | Login sukses dengan kredensial valid",
              "timedOut": false,
              "duration": 3061,
              "state": "passed",
              "speed": "slow",
              "pass": true,
              "fail": false,
              "pending": false,
              "context": null,
              "code": "await LoginAction.login(\n    driver,\n    users.standardUser.username,\n    users.standardUser.password\n);\n\nawait driver.wait(async () => {\n    const url = await driver.getCurrentUrl();\n    return url.includes('inventory.html');\n}, 5000);\nconst currentUrl = await driver.getCurrentUrl();\nexpect(currentUrl).to.equal(expectedValues.inventoryUrl);\n\nconst title = await LoginAction.getPageTitle(driver);\nexpect(title).to.equal(expectedValues.pageTitle);\n// Tunggu sebentar agar semua gambar di inventory page ter-load sempurna\nawait driver.sleep(2000);\n// Visual Regression\nawait compareScreenshots(driver, 'positive-login-success');",
              "err": {},
              "uuid": "a597489b-5510-4450-8fc0-4cb7d09124d0",
              "parentUUID": "fa9a2df1-a80a-469f-89a6-287f5feba776",
              "isHook": false,
              "skipped": false
            },
            {
              "title": "Negative Case | Login dengan invalid username",
              "fullTitle": "Login SauceDemo - Advanced Part 2 Negative Case | Login dengan invalid username",
              "timedOut": false,
              "duration": 629,
              "state": "passed",
              "speed": "slow",
              "pass": true,
              "fail": false,
              "pending": false,
              "context": null,
              "code": "await LoginAction.login(\n    driver,\n    'user_tidak_ada',\n    users.standardUser.password\n);\nconst errorMsg = await LoginAction.getErrorMessage(driver);\nexpect(errorMsg).to.contain(expectedValues.errorInvalidCredentials);\n// Visual Regression\nawait compareScreenshots(driver, 'negative-invalid-username');",
              "err": {},
              "uuid": "faa14427-2d18-4706-8ef3-16556eaa9467",
              "parentUUID": "fa9a2df1-a80a-469f-89a6-287f5feba776",
              "isHook": false,
              "skipped": false
            },
            {
              "title": "Negative Case | Login dengan wrong password",
              "fullTitle": "Login SauceDemo - Advanced Part 2 Negative Case | Login dengan wrong password",
              "timedOut": false,
              "duration": 633,
              "state": "passed",
              "speed": "slow",
              "pass": true,
              "fail": false,
              "pending": false,
              "context": null,
              "code": "await LoginAction.login(\n    driver,\n    users.standardUser.username,\n    'password_salah'\n);\nconst errorMsg = await LoginAction.getErrorMessage(driver);\nexpect(errorMsg).to.contain(expectedValues.errorInvalidCredentials);\n// Visual Regression\nawait compareScreenshots(driver, 'negative-wrong-password');",
              "err": {},
              "uuid": "35dd44bf-fdf3-4a4e-9f2d-83c9f87ce56e",
              "parentUUID": "fa9a2df1-a80a-469f-89a6-287f5feba776",
              "isHook": false,
              "skipped": false
            },
            {
              "title": "Negative Case | Login dengan locked_out_user",
              "fullTitle": "Login SauceDemo - Advanced Part 2 Negative Case | Login dengan locked_out_user",
              "timedOut": false,
              "duration": 663,
              "state": "passed",
              "speed": "slow",
              "pass": true,
              "fail": false,
              "pending": false,
              "context": null,
              "code": "await LoginAction.login(\n    driver,\n    users.lockedUser.username,\n    users.lockedUser.password\n);\nconst errorMsg = await LoginAction.getErrorMessage(driver);\nexpect(errorMsg).to.contain(expectedValues.errorLockedUser);\n// Visual Regression\nawait compareScreenshots(driver, 'negative-locked-out-user');",
              "err": {},
              "uuid": "d32eb08d-1e69-475f-816d-3d443616d826",
              "parentUUID": "fa9a2df1-a80a-469f-89a6-287f5feba776",
              "isHook": false,
              "skipped": false
            }
          ],
          "suites": [],
          "passes": [
            "a597489b-5510-4450-8fc0-4cb7d09124d0",
            "faa14427-2d18-4706-8ef3-16556eaa9467",
            "35dd44bf-fdf3-4a4e-9f2d-83c9f87ce56e",
            "d32eb08d-1e69-475f-816d-3d443616d826"
          ],
          "failures": [],
          "pending": [],
          "skipped": [],
          "duration": 4986,
          "root": false,
          "rootEmpty": false,
          "_timeout": 60000
        }
      ],
      "passes": [],
      "failures": [],
      "pending": [],
      "skipped": [],
      "duration": 0,
      "root": true,
      "rootEmpty": true,
      "_timeout": 60000
    }
  ],
  "meta": {
    "mocha": {
      "version": "10.8.2"
    },
    "mochawesome": {
      "options": {
        "quiet": false,
        "reportFilename": "mochawesome",
        "saveHtml": true,
        "saveJson": true,
        "consoleReporter": "spec",
        "useInlineDiffs": false,
        "code": true
      },
      "version": "7.1.4"
    },
    "marge": {
      "options": null,
      "version": "6.3.2"
    }
  }
}